Analysis & Synthesis report for simulat
Tue Jan 22 22:05:26 2019
Quartus Prime Version 18.1.0 Build 625 09/12/2018 SJ Lite Edition


---------------------
; Table of Contents ;
---------------------
  1. Legal Notice
  2. Analysis & Synthesis Summary
  3. Analysis & Synthesis Settings
  4. Parallel Compilation
  5. Analysis & Synthesis Source Files Read
  6. Analysis & Synthesis Resource Usage Summary
  7. Analysis & Synthesis Resource Utilization by Entity
  8. Registers Removed During Synthesis
  9. General Register Statistics
 10. Inverted Register Statistics
 11. Multiplexer Restructuring Statistics (Restructuring Performed)
 12. Post-Synthesis Netlist Statistics for Top Partition
 13. Elapsed Time Per Partition
 14. Analysis & Synthesis Messages



----------------
; Legal Notice ;
----------------
Copyright (C) 2018  Intel Corporation. All rights reserved.
Your use of Intel Corporation's design tools, logic functions 
and other software and tools, and its AMPP partner logic 
functions, and any output files from any of the foregoing 
(including device programming or simulation files), and any 
associated documentation or information are expressly subject 
to the terms and conditions of the Intel Program License 
Subscription Agreement, the Intel Quartus Prime License Agreement,
the Intel FPGA IP License Agreement, or other applicable license
agreement, including, without limitation, that your use is for
the sole purpose of programming logic devices manufactured by
Intel and sold by Intel or its authorized distributors.  Please
refer to the applicable agreement for further details.



+-------------------------------------------------------------------------------+
; Analysis & Synthesis Summary                                                  ;
+---------------------------------+---------------------------------------------+
; Analysis & Synthesis Status     ; Successful - Tue Jan 22 22:05:26 2019       ;
; Quartus Prime Version           ; 18.1.0 Build 625 09/12/2018 SJ Lite Edition ;
; Revision Name                   ; simulat                                     ;
; Top-level Entity Name           ; driver_stepper                              ;
; Family                          ; Cyclone V                                   ;
; Logic utilization (in ALMs)     ; N/A                                         ;
; Total registers                 ; 99                                          ;
; Total pins                      ; 108                                         ;
; Total virtual pins              ; 0                                           ;
; Total block memory bits         ; 0                                           ;
; Total DSP Blocks                ; 0                                           ;
; Total HSSI RX PCSs              ; 0                                           ;
; Total HSSI PMA RX Deserializers ; 0                                           ;
; Total HSSI TX PCSs              ; 0                                           ;
; Total HSSI PMA TX Serializers   ; 0                                           ;
; Total PLLs                      ; 0                                           ;
; Total DLLs                      ; 0                                           ;
+---------------------------------+---------------------------------------------+


+---------------------------------------------------------------------------------------------------------------------------+
; Analysis & Synthesis Settings                                                                                             ;
+---------------------------------------------------------------------------------+--------------------+--------------------+
; Option                                                                          ; Setting            ; Default Value      ;
+---------------------------------------------------------------------------------+--------------------+--------------------+
; Device                                                                          ; 5CGXFC7C7F23C8     ;                    ;
; Top-level entity name                                                           ; driver_stepper     ; simulat            ;
; Family name                                                                     ; Cyclone V          ; Cyclone V          ;
; Use smart compilation                                                           ; Off                ; Off                ;
; Enable parallel Assembler and Timing Analyzer during compilation                ; On                 ; On                 ;
; Enable compact report table                                                     ; Off                ; Off                ;
; Restructure Multiplexers                                                        ; Auto               ; Auto               ;
; MLAB Add Timing Constraints For Mixed-Port Feed-Through Mode Setting Don't Care ; Off                ; Off                ;
; Create Debugging Nodes for IP Cores                                             ; Off                ; Off                ;
; Preserve fewer node names                                                       ; On                 ; On                 ;
; Intel FPGA IP Evaluation Mode                                                   ; Enable             ; Enable             ;
; Verilog Version                                                                 ; Verilog_2001       ; Verilog_2001       ;
; VHDL Version                                                                    ; VHDL_1993          ; VHDL_1993          ;
; State Machine Processing                                                        ; Auto               ; Auto               ;
; Safe State Machine                                                              ; Off                ; Off                ;
; Extract Verilog State Machines                                                  ; On                 ; On                 ;
; Extract VHDL State Machines                                                     ; On                 ; On                 ;
; Ignore Verilog initial constructs                                               ; Off                ; Off                ;
; Iteration limit for constant Verilog loops                                      ; 5000               ; 5000               ;
; Iteration limit for non-constant Verilog loops                                  ; 250                ; 250                ;
; Add Pass-Through Logic to Inferred RAMs                                         ; On                 ; On                 ;
; Infer RAMs from Raw Logic                                                       ; On                 ; On                 ;
; Parallel Synthesis                                                              ; On                 ; On                 ;
; DSP Block Balancing                                                             ; Auto               ; Auto               ;
; NOT Gate Push-Back                                                              ; On                 ; On                 ;
; Power-Up Don't Care                                                             ; On                 ; On                 ;
; Remove Redundant Logic Cells                                                    ; Off                ; Off                ;
; Remove Duplicate Registers                                                      ; On                 ; On                 ;
; Ignore CARRY Buffers                                                            ; Off                ; Off                ;
; Ignore CASCADE Buffers                                                          ; Off                ; Off                ;
; Ignore GLOBAL Buffers                                                           ; Off                ; Off                ;
; Ignore ROW GLOBAL Buffers                                                       ; Off                ; Off                ;
; Ignore LCELL Buffers                                                            ; Off                ; Off                ;
; Ignore SOFT Buffers                                                             ; On                 ; On                 ;
; Limit AHDL Integers to 32 Bits                                                  ; Off                ; Off                ;
; Optimization Technique                                                          ; Balanced           ; Balanced           ;
; Carry Chain Length                                                              ; 70                 ; 70                 ;
; Auto Carry Chains                                                               ; On                 ; On                 ;
; Auto Open-Drain Pins                                                            ; On                 ; On                 ;
; Perform WYSIWYG Primitive Resynthesis                                           ; Off                ; Off                ;
; Auto ROM Replacement                                                            ; On                 ; On                 ;
; Auto RAM Replacement                                                            ; On                 ; On                 ;
; Auto DSP Block Replacement                                                      ; On                 ; On                 ;
; Auto Shift Register Replacement                                                 ; Auto               ; Auto               ;
; Allow Shift Register Merging across Hierarchies                                 ; Auto               ; Auto               ;
; Auto Clock Enable Replacement                                                   ; On                 ; On                 ;
; Strict RAM Replacement                                                          ; Off                ; Off                ;
; Allow Synchronous Control Signals                                               ; On                 ; On                 ;
; Force Use of Synchronous Clear Signals                                          ; Off                ; Off                ;
; Auto Resource Sharing                                                           ; Off                ; Off                ;
; Allow Any RAM Size For Recognition                                              ; Off                ; Off                ;
; Allow Any ROM Size For Recognition                                              ; Off                ; Off                ;
; Allow Any Shift Register Size For Recognition                                   ; Off                ; Off                ;
; Use LogicLock Constraints during Resource Balancing                             ; On                 ; On                 ;
; Ignore translate_off and synthesis_off directives                               ; Off                ; Off                ;
; Timing-Driven Synthesis                                                         ; On                 ; On                 ;
; Report Parameter Settings                                                       ; On                 ; On                 ;
; Report Source Assignments                                                       ; On                 ; On                 ;
; Report Connectivity Checks                                                      ; On                 ; On                 ;
; Ignore Maximum Fan-Out Assignments                                              ; Off                ; Off                ;
; Synchronization Register Chain Length                                           ; 3                  ; 3                  ;
; Power Optimization During Synthesis                                             ; Normal compilation ; Normal compilation ;
; HDL message level                                                               ; Level2             ; Level2             ;
; Suppress Register Optimization Related Messages                                 ; Off                ; Off                ;
; Number of Removed Registers Reported in Synthesis Report                        ; 5000               ; 5000               ;
; Number of Swept Nodes Reported in Synthesis Report                              ; 5000               ; 5000               ;
; Number of Inverted Registers Reported in Synthesis Report                       ; 100                ; 100                ;
; Clock MUX Protection                                                            ; On                 ; On                 ;
; Auto Gated Clock Conversion                                                     ; Off                ; Off                ;
; Block Design Naming                                                             ; Auto               ; Auto               ;
; SDC constraint protection                                                       ; Off                ; Off                ;
; Synthesis Effort                                                                ; Auto               ; Auto               ;
; Shift Register Replacement - Allow Asynchronous Clear Signal                    ; On                 ; On                 ;
; Pre-Mapping Resynthesis Optimization                                            ; Off                ; Off                ;
; Analysis & Synthesis Message Level                                              ; Medium             ; Medium             ;
; Disable Register Merging Across Hierarchies                                     ; Auto               ; Auto               ;
; Resource Aware Inference For Block RAM                                          ; On                 ; On                 ;
; Automatic Parallel Synthesis                                                    ; On                 ; On                 ;
; Partial Reconfiguration Bitstream ID                                            ; Off                ; Off                ;
+---------------------------------------------------------------------------------+--------------------+--------------------+


+------------------------------------------+
; Parallel Compilation                     ;
+----------------------------+-------------+
; Processors                 ; Number      ;
+----------------------------+-------------+
; Number detected on machine ; 8           ;
; Maximum allowed            ; 4           ;
;                            ;             ;
; Average used               ; 1.00        ;
; Maximum used               ; 4           ;
;                            ;             ;
; Usage by Processor         ; % Time Used ;
;     Processor 1            ; 100.0%      ;
;     Processors 2-4         ;   0.0%      ;
+----------------------------+-------------+


+---------------------------------------------------------------------------------------------------------------------------------------------------------------+
; Analysis & Synthesis Source Files Read                                                                                                                        ;
+----------------------------------+-----------------+------------------------+-----------------------------------------------------------------------+---------+
; File Name with User-Entered Path ; Used in Netlist ; File Type              ; File Name with Absolute Path                                          ; Library ;
+----------------------------------+-----------------+------------------------+-----------------------------------------------------------------------+---------+
; clk_gen.v                        ; yes             ; User Verilog HDL File  ; D:/GitHub/3d_printer/hps+fpga_marlin/quartus/simulat/clk_gen.v        ;         ;
; driver_stepper.v                 ; yes             ; User Verilog HDL File  ; D:/GitHub/3d_printer/hps+fpga_marlin/quartus/simulat/driver_stepper.v ;         ;
+----------------------------------+-----------------+------------------------+-----------------------------------------------------------------------+---------+


+------------------------------------------------------------------+
; Analysis & Synthesis Resource Usage Summary                      ;
+---------------------------------------------+--------------------+
; Resource                                    ; Usage              ;
+---------------------------------------------+--------------------+
; Estimate of Logic utilization (ALMs needed) ; 73                 ;
;                                             ;                    ;
; Combinational ALUT usage for logic          ; 123                ;
;     -- 7 input functions                    ; 0                  ;
;     -- 6 input functions                    ; 17                 ;
;     -- 5 input functions                    ; 2                  ;
;     -- 4 input functions                    ; 3                  ;
;     -- <=3 input functions                  ; 101                ;
;                                             ;                    ;
; Dedicated logic registers                   ; 99                 ;
;                                             ;                    ;
; I/O pins                                    ; 108                ;
;                                             ;                    ;
; Total DSP Blocks                            ; 0                  ;
;                                             ;                    ;
; Maximum fan-out node                        ; FPGA_CLK1_50~input ;
; Maximum fan-out                             ; 99                 ;
; Total fan-out                               ; 891                ;
; Average fan-out                             ; 2.03               ;
+---------------------------------------------+--------------------+


+--------------------------------------------------------------------------------------------------------------------------------------------------------------------------------------------------------+
; Analysis & Synthesis Resource Utilization by Entity                                                                                                                                                    ;
+----------------------------+---------------------+---------------------------+-------------------+------------+------+--------------+----------------------------------+----------------+--------------+
; Compilation Hierarchy Node ; Combinational ALUTs ; Dedicated Logic Registers ; Block Memory Bits ; DSP Blocks ; Pins ; Virtual Pins ; Full Hierarchy Name              ; Entity Name    ; Library Name ;
+----------------------------+---------------------+---------------------------+-------------------+------------+------+--------------+----------------------------------+----------------+--------------+
; |driver_stepper            ; 123 (8)             ; 99 (33)                   ; 0                 ; 0          ; 108  ; 0            ; |driver_stepper                  ; driver_stepper ; work         ;
;    |clk_gen:clk_gen1|      ; 115 (115)           ; 66 (66)                   ; 0                 ; 0          ; 0    ; 0            ; |driver_stepper|clk_gen:clk_gen1 ; clk_gen        ; work         ;
+----------------------------+---------------------+---------------------------+-------------------+------------+------+--------------+----------------------------------+----------------+--------------+
Note: For table entries with two numbers listed, the numbers in parentheses indicate the number of resources of the given type used by the specific entity alone. The numbers listed outside of parentheses indicate the total resources of the given type used by the specific entity and all of its sub-entities in the hierarchy.


+--------------------------------------------------------------+
; Registers Removed During Synthesis                           ;
+---------------------------------------+----------------------+
; Register name                         ; Reason for Removal   ;
+---------------------------------------+----------------------+
; reset_step[0]                         ; Merged with flags[1] ;
; Total Number of Removed Registers = 1 ;                      ;
+---------------------------------------+----------------------+


+------------------------------------------------------+
; General Register Statistics                          ;
+----------------------------------------------+-------+
; Statistic                                    ; Value ;
+----------------------------------------------+-------+
; Total registers                              ; 99    ;
; Number of registers using Synchronous Clear  ; 32    ;
; Number of registers using Synchronous Load   ; 64    ;
; Number of registers using Asynchronous Clear ; 0     ;
; Number of registers using Asynchronous Load  ; 0     ;
; Number of registers using Clock Enable       ; 66    ;
; Number of registers using Preset             ; 0     ;
+----------------------------------------------+-------+


+--------------------------------------------------+
; Inverted Register Statistics                     ;
+----------------------------------------+---------+
; Inverted Register                      ; Fan out ;
+----------------------------------------+---------+
; clk_gen:clk_gen1|fin                   ; 39      ;
; clk_gen:clk_gen1|signal                ; 2       ;
; Total number of inverted registers = 2 ;         ;
+----------------------------------------+---------+


+------------------------------------------------------------------------------------------------------------------------------------------------------+
; Multiplexer Restructuring Statistics (Restructuring Performed)                                                                                       ;
+--------------------+-----------+---------------+----------------------+------------------------+------------+----------------------------------------+
; Multiplexer Inputs ; Bus Width ; Baseline Area ; Area if Restructured ; Saving if Restructured ; Registered ; Example Multiplexer Output             ;
+--------------------+-----------+---------------+----------------------+------------------------+------------+----------------------------------------+
; 3:1                ; 31 bits   ; 62 LEs        ; 0 LEs                ; 62 LEs                 ; Yes        ; |driver_stepper|clk_gen:clk_gen1|n[31] ;
+--------------------+-----------+---------------+----------------------+------------------------+------------+----------------------------------------+


+-----------------------------------------------------+
; Post-Synthesis Netlist Statistics for Top Partition ;
+-----------------------+-----------------------------+
; Type                  ; Count                       ;
+-----------------------+-----------------------------+
; arriav_ff             ; 99                          ;
;     ENA               ; 2                           ;
;     ENA SLD           ; 64                          ;
;     SCLR              ; 32                          ;
;     plain             ; 1                           ;
; arriav_lcell_comb     ; 126                         ;
;     arith             ; 96                          ;
;         1 data inputs ; 96                          ;
;     normal            ; 30                          ;
;         0 data inputs ; 1                           ;
;         1 data inputs ; 2                           ;
;         2 data inputs ; 4                           ;
;         3 data inputs ; 1                           ;
;         4 data inputs ; 3                           ;
;         5 data inputs ; 2                           ;
;         6 data inputs ; 17                          ;
; boundary_port         ; 108                         ;
;                       ;                             ;
; Max LUT depth         ; 4.10                        ;
; Average LUT depth     ; 2.82                        ;
+-----------------------+-----------------------------+


+-------------------------------+
; Elapsed Time Per Partition    ;
+----------------+--------------+
; Partition Name ; Elapsed Time ;
+----------------+--------------+
; Top            ; 00:00:01     ;
+----------------+--------------+


+-------------------------------+
; Analysis & Synthesis Messages ;
+-------------------------------+
Info: *******************************************************************
Info: Running Quartus Prime Analysis & Synthesis
    Info: Version 18.1.0 Build 625 09/12/2018 SJ Lite Edition
    Info: Processing started: Tue Jan 22 22:05:01 2019
Info: Command: quartus_map --read_settings_files=on --write_settings_files=off simulat -c simulat
Warning (18236): Number of processors has not been specified which may cause overloading on shared machines.  Set the global assignment NUM_PARALLEL_PROCESSORS in your QSF to an appropriate value for best performance.
Info (20030): Parallel compilation is enabled and will use 4 of the 4 processors detected
Info (12021): Found 1 design units, including 1 entities, in source file clk_gen.v
    Info (12023): Found entity 1: clk_gen File: D:/GitHub/3d_printer/hps+fpga_marlin/quartus/simulat/clk_gen.v Line: 1
Info (12021): Found 1 design units, including 1 entities, in source file driver_stepper.v
    Info (12023): Found entity 1: driver_stepper File: D:/GitHub/3d_printer/hps+fpga_marlin/quartus/simulat/driver_stepper.v Line: 1
Info (12127): Elaborating entity "driver_stepper" for the top level hierarchy
Warning (10034): Output port "fin[4..1]" at driver_stepper.v(9) has no driver File: D:/GitHub/3d_printer/hps+fpga_marlin/quartus/simulat/driver_stepper.v Line: 9
Info (12128): Elaborating entity "clk_gen" for hierarchy "clk_gen:clk_gen1" File: D:/GitHub/3d_printer/hps+fpga_marlin/quartus/simulat/driver_stepper.v Line: 29
Warning (10036): Verilog HDL or VHDL warning at clk_gen.v(15): object "check" assigned a value but never read File: D:/GitHub/3d_printer/hps+fpga_marlin/quartus/simulat/clk_gen.v Line: 15
Warning (13024): Output pins are stuck at VCC or GND
    Warning (13410): Pin "flags1[0]" is stuck at GND File: D:/GitHub/3d_printer/hps+fpga_marlin/quartus/simulat/driver_stepper.v Line: 7
    Warning (13410): Pin "flags1[2]" is stuck at GND File: D:/GitHub/3d_printer/hps+fpga_marlin/quartus/simulat/driver_stepper.v Line: 7
    Warning (13410): Pin "reset_step1[1]" is stuck at GND File: D:/GitHub/3d_printer/hps+fpga_marlin/quartus/simulat/driver_stepper.v Line: 8
    Warning (13410): Pin "fin[1]" is stuck at GND File: D:/GitHub/3d_printer/hps+fpga_marlin/quartus/simulat/driver_stepper.v Line: 9
    Warning (13410): Pin "fin[2]" is stuck at GND File: D:/GitHub/3d_printer/hps+fpga_marlin/quartus/simulat/driver_stepper.v Line: 9
    Warning (13410): Pin "fin[3]" is stuck at GND File: D:/GitHub/3d_printer/hps+fpga_marlin/quartus/simulat/driver_stepper.v Line: 9
    Warning (13410): Pin "fin[4]" is stuck at GND File: D:/GitHub/3d_printer/hps+fpga_marlin/quartus/simulat/driver_stepper.v Line: 9
Info (286030): Timing-Driven Synthesis is running
Info (16010): Generating hard_block partition "hard_block:auto_generated_inst"
    Info (16011): Adding 0 node(s), including 0 DDIO, 0 PLL, 0 transceiver and 0 LCELL
Info (21057): Implemented 263 device resources after synthesis - the final resource count might be different
    Info (21058): Implemented 65 input pins
    Info (21059): Implemented 43 output pins
    Info (21061): Implemented 155 logic cells
Info: Quartus Prime Analysis & Synthesis was successful. 0 errors, 11 warnings
    Info: Peak virtual memory: 4852 megabytes
    Info: Processing ended: Tue Jan 22 22:05:26 2019
    Info: Elapsed time: 00:00:25
    Info: Total CPU time (on all processors): 00:01:01


