Flow report for simulat
Thu Apr 04 00:09:49 2019
Quartus Prime Version 18.1.0 Build 625 09/12/2018 SJ Lite Edition


---------------------
; Table of Contents ;
---------------------
  1. Legal Notice
  2. Flow Summary
  3. Flow Settings
  4. Flow Non-Default Global Settings
  5. Flow Elapsed Time
  6. Flow OS Summary
  7. Flow Log
  8. Flow Messages
  9. Flow Suppressed Messages



----------------
; Legal Notice ;
----------------
Copyright (C) 2018  Intel Corporation. All rights reserved.
Your use of Intel Corporation's design tools, logic functions 
and other software and tools, and its AMPP partner logic 
functions, and any output files from any of the foregoing 
(including device programming or simulation files), and any 
associated documentation or information are expressly subject 
to the terms and conditions of the Intel Program License 
Subscription Agreement, the Intel Quartus Prime License Agreement,
the Intel FPGA IP License Agreement, or other applicable license
agreement, including, without limitation, that your use is for
the sole purpose of programming logic devices manufactured by
Intel and sold by Intel or its authorized distributors.  Please
refer to the applicable agreement for further details.



+-------------------------------------------------------------------------------+
; Flow Summary                                                                  ;
+---------------------------------+---------------------------------------------+
; Flow Status                     ; Successful - Thu Apr 04 00:09:49 2019       ;
; Quartus Prime Version           ; 18.1.0 Build 625 09/12/2018 SJ Lite Edition ;
; Revision Name                   ; simulat                                     ;
; Top-level Entity Name           ; analog_filter                               ;
; Family                          ; Cyclone V                                   ;
; Device                          ; 5CGXFC7C7F23C8                              ;
; Timing Models                   ; Final                                       ;
; Logic utilization (in ALMs)     ; 113 / 56,480 ( < 1 % )                      ;
; Total registers                 ; 108                                         ;
; Total pins                      ; 42 / 268 ( 16 % )                           ;
; Total virtual pins              ; 0                                           ;
; Total block memory bits         ; 0 / 7,024,640 ( 0 % )                       ;
; Total DSP Blocks                ; 0 / 156 ( 0 % )                             ;
; Total HSSI RX PCSs              ; 0 / 6 ( 0 % )                               ;
; Total HSSI PMA RX Deserializers ; 0 / 6 ( 0 % )                               ;
; Total HSSI TX PCSs              ; 0 / 6 ( 0 % )                               ;
; Total HSSI PMA TX Serializers   ; 0 / 6 ( 0 % )                               ;
; Total PLLs                      ; 0 / 13 ( 0 % )                              ;
; Total DLLs                      ; 0 / 4 ( 0 % )                               ;
+---------------------------------+---------------------------------------------+


+-----------------------------------------+
; Flow Settings                           ;
+-------------------+---------------------+
; Option            ; Setting             ;
+-------------------+---------------------+
; Start date & time ; 04/04/2019 00:05:22 ;
; Main task         ; Compilation         ;
; Revision Name     ; simulat             ;
+-------------------+---------------------+


+-------------------------------------------------------------------------------------------------------------------------------+
; Flow Non-Default Global Settings                                                                                              ;
+-------------------------------------+----------------------------------------+---------------+---------------+----------------+
; Assignment Name                     ; Value                                  ; Default Value ; Entity Name   ; Section Id     ;
+-------------------------------------+----------------------------------------+---------------+---------------+----------------+
; COMPILER_SIGNATURE_ID               ; 53447161791564.155432552202436         ; --            ; --            ; --             ;
; EDA_OUTPUT_DATA_FORMAT              ; Vhdl                                   ; --            ; --            ; eda_simulation ;
; EDA_SIMULATION_TOOL                 ; ModelSim-Altera (VHDL)                 ; <None>        ; --            ; --             ;
; EDA_TIME_SCALE                      ; 1 ps                                   ; --            ; --            ; eda_simulation ;
; MAX_CORE_JUNCTION_TEMP              ; 85                                     ; --            ; --            ; --             ;
; MIN_CORE_JUNCTION_TEMP              ; 0                                      ; --            ; --            ; --             ;
; PARTITION_COLOR                     ; -- (Not supported for targeted family) ; --            ; analog_filter ; Top            ;
; PARTITION_FITTER_PRESERVATION_LEVEL ; -- (Not supported for targeted family) ; --            ; analog_filter ; Top            ;
; PARTITION_NETLIST_TYPE              ; -- (Not supported for targeted family) ; --            ; analog_filter ; Top            ;
; POWER_BOARD_THERMAL_MODEL           ; None (CONSERVATIVE)                    ; --            ; --            ; --             ;
; POWER_PRESET_COOLING_SOLUTION       ; 23 MM HEAT SINK WITH 200 LFPM AIRFLOW  ; --            ; --            ; --             ;
; PROJECT_OUTPUT_DIRECTORY            ; output_files                           ; --            ; --            ; --             ;
; TOP_LEVEL_ENTITY                    ; analog_filter                          ; simulat       ; --            ; --             ;
+-------------------------------------+----------------------------------------+---------------+---------------+----------------+


+--------------------------------------------------------------------------------------------------------------------------+
; Flow Elapsed Time                                                                                                        ;
+----------------------+--------------+-------------------------+---------------------+------------------------------------+
; Module Name          ; Elapsed Time ; Average Processors Used ; Peak Virtual Memory ; Total CPU Time (on all processors) ;
+----------------------+--------------+-------------------------+---------------------+------------------------------------+
; Analysis & Synthesis ; 00:00:28     ; 1.0                     ; 4852 MB             ; 00:01:08                           ;
; Fitter               ; 00:02:15     ; 1.0                     ; 6737 MB             ; 00:03:32                           ;
; Assembler            ; 00:00:34     ; 1.0                     ; 4860 MB             ; 00:00:21                           ;
; Timing Analyzer      ; 00:00:24     ; 1.1                     ; 5220 MB             ; 00:00:19                           ;
; EDA Netlist Writer   ; 00:00:04     ; 1.0                     ; 4763 MB             ; 00:00:04                           ;
; EDA Netlist Writer   ; 00:00:03     ; 1.0                     ; 4735 MB             ; 00:00:03                           ;
; EDA Netlist Writer   ; 00:00:04     ; 1.0                     ; 4766 MB             ; 00:00:04                           ;
; Total                ; 00:03:52     ; --                      ; --                  ; 00:05:31                           ;
+----------------------+--------------+-------------------------+---------------------+------------------------------------+


+------------------------------------------------------------------------------------+
; Flow OS Summary                                                                    ;
+----------------------+------------------+------------+------------+----------------+
; Module Name          ; Machine Hostname ; OS Name    ; OS Version ; Processor type ;
+----------------------+------------------+------------+------------+----------------+
; Analysis & Synthesis ; MSI              ; Windows 10 ; 10.0       ; x86_64         ;
; Fitter               ; MSI              ; Windows 10 ; 10.0       ; x86_64         ;
; Assembler            ; MSI              ; Windows 10 ; 10.0       ; x86_64         ;
; Timing Analyzer      ; MSI              ; Windows 10 ; 10.0       ; x86_64         ;
; EDA Netlist Writer   ; MSI              ; Windows 10 ; 10.0       ; x86_64         ;
; EDA Netlist Writer   ; MSI              ; Windows 10 ; 10.0       ; x86_64         ;
; EDA Netlist Writer   ; MSI              ; Windows 10 ; 10.0       ; x86_64         ;
+----------------------+------------------+------------+------------+----------------+


------------
; Flow Log ;
------------
quartus_map --read_settings_files=on --write_settings_files=off simulat -c simulat
quartus_fit --read_settings_files=off --write_settings_files=off simulat -c simulat
quartus_asm --read_settings_files=off --write_settings_files=off simulat -c simulat
quartus_sta simulat -c simulat
quartus_eda --read_settings_files=off --write_settings_files=off simulat -c simulat
quartus_eda --gen_testbench --tool=modelsim_oem --format=verilog --write_settings_files=off simulat -c simulat --vector_source=D:/GitHub/3d_printer/hps+fpga_marlin/quartus/simulat/analog_filter.vwf --testbench_file=D:/GitHub/3d_printer/hps+fpga_marlin/quartus/simulat/simulation/qsim/analog_filter.vwf.vt
quartus_eda --write_settings_files=off --simulation=on --functional=off --flatten_buses=off --timescale=1ps --tool=modelsim_oem --format=verilog --output_directory=D:/GitHub/3d_printer/hps+fpga_marlin/quartus/simulat/simulation/qsim/ simulat -c simulat



