Info: Starting: Create HDL design files for synthesis
Info: qsys-generate D:\GitHub\3d_printer\hps+fpga_marlin\soc_system.qsys --synthesis=VERILOG --output-directory=D:\GitHub\3d_printer\hps+fpga_marlin\soc_system\synthesis --family="Cyclone V" --part=5CSEBA6U23I7
Progress: Loading hps+fpga_marlin/soc_system.qsys
Progress: Reading input file
Progress: Adding btn [altera_avalon_pio 16.0]
Progress: Parameterizing module btn
Progress: Adding clk_0 [clock_source 16.0]
Progress: Parameterizing module clk_0
Progress: Adding hps_0 [altera_hps 16.0]
Progress: Parameterizing module hps_0
Progress: Adding hps_only_master [altera_jtag_avalon_master 16.0]
Progress: Parameterizing module hps_only_master
Progress: Adding led [altera_avalon_pio 16.0]
Progress: Parameterizing module led
Progress: Adding mm_bridge_0 [altera_avalon_mm_bridge 16.0]
Progress: Parameterizing module mm_bridge_0
Progress: Building connections
Progress: Parameterizing connections
Progress: Validating
Progress: Done reading input file
Info: soc_system.btn: PIO inputs are not hardwired in test bench. Undefined values will be read from PIO inputs during simulation.
Info: soc_system.hps_0: HPS Main PLL counter settings: n = 0  m = 63
Info: soc_system.hps_0: HPS peripherial PLL counter settings: n = 0  m = 39
Info: soc_system: Generating soc_system "soc_system" for QUARTUS_SYNTH
Info: Interconnect is inserted between master hps_0.h2f_lw_axi_master and slave mm_bridge_0.s0 because the master is of type axi and the slave is of type avalon.
Info: Interconnect is inserted between master hps_only_master.master and slave hps_0.f2h_axi_slave because the master is of type avalon and the slave is of type axi.
Info: btn: Starting RTL generation for module 'soc_system_btn'
Info: btn:   Generation command is [exec D:/programms/intelfpga_lite/16.0/quartus/bin64/perl/bin/perl.exe -I D:/programms/intelfpga_lite/16.0/quartus/bin64/perl/lib -I D:/programms/intelfpga_lite/16.0/quartus/sopc_builder/bin/europa -I D:/programms/intelfpga_lite/16.0/quartus/sopc_builder/bin/perl_lib -I D:/programms/intelfpga_lite/16.0/quartus/sopc_builder/bin -I D:/programms/intelfpga_lite/16.0/quartus/../ip/altera/sopc_builder_ip/common -I D:/programms/intelfpga_lite/16.0/quartus/../ip/altera/sopc_builder_ip/altera_avalon_pio -- D:/programms/intelfpga_lite/16.0/quartus/../ip/altera/sopc_builder_ip/altera_avalon_pio/generate_rtl.pl --name=soc_system_btn --dir=C:/Users/ISM/AppData/Local/Temp/alt7883_3838604199098771505.dir/0001_btn_gen/ --quartus_dir=D:/programms/intelfpga_lite/16.0/quartus --verilog --config=C:/Users/ISM/AppData/Local/Temp/alt7883_3838604199098771505.dir/0001_btn_gen//soc_system_btn_component_configuration.pl  --do_build_sim=0  ]
Info: btn: Done RTL generation for module 'soc_system_btn'
Info: btn: "soc_system" instantiated altera_avalon_pio "btn"
Info: hps_0: "Running  for module: hps_0"
Info: hps_0: HPS Main PLL counter settings: n = 0  m = 63
Info: hps_0: HPS peripherial PLL counter settings: n = 0  m = 39
Info: hps_0: "soc_system" instantiated altera_hps "hps_0"
Info: hps_only_master: "soc_system" instantiated altera_jtag_avalon_master "hps_only_master"
Info: led: Starting RTL generation for module 'soc_system_led'
Info: led:   Generation command is [exec D:/programms/intelfpga_lite/16.0/quartus/bin64/perl/bin/perl.exe -I D:/programms/intelfpga_lite/16.0/quartus/bin64/perl/lib -I D:/programms/intelfpga_lite/16.0/quartus/sopc_builder/bin/europa -I D:/programms/intelfpga_lite/16.0/quartus/sopc_builder/bin/perl_lib -I D:/programms/intelfpga_lite/16.0/quartus/sopc_builder/bin -I D:/programms/intelfpga_lite/16.0/quartus/../ip/altera/sopc_builder_ip/common -I D:/programms/intelfpga_lite/16.0/quartus/../ip/altera/sopc_builder_ip/altera_avalon_pio -- D:/programms/intelfpga_lite/16.0/quartus/../ip/altera/sopc_builder_ip/altera_avalon_pio/generate_rtl.pl --name=soc_system_led --dir=C:/Users/ISM/AppData/Local/Temp/alt7883_3838604199098771505.dir/0002_led_gen/ --quartus_dir=D:/programms/intelfpga_lite/16.0/quartus --verilog --config=C:/Users/ISM/AppData/Local/Temp/alt7883_3838604199098771505.dir/0002_led_gen//soc_system_led_component_configuration.pl  --do_build_sim=0  ]
Info: led: Done RTL generation for module 'soc_system_led'
Info: led: "soc_system" instantiated altera_avalon_pio "led"
Info: mm_bridge_0: "soc_system" instantiated altera_avalon_mm_bridge "mm_bridge_0"
Info: avalon_st_adapter: Inserting error_adapter: error_adapter_0
Info: mm_interconnect_0: "soc_system" instantiated altera_mm_interconnect "mm_interconnect_0"
Info: avalon_st_adapter: Inserting error_adapter: error_adapter_0
Info: avalon_st_adapter_001: Inserting error_adapter: error_adapter_0
Info: mm_interconnect_1: "soc_system" instantiated altera_mm_interconnect "mm_interconnect_1"
Info: mm_interconnect_2: "soc_system" instantiated altera_mm_interconnect "mm_interconnect_2"
Info: rst_controller: "soc_system" instantiated altera_reset_controller "rst_controller"
Info: fpga_interfaces: "hps_0" instantiated altera_interface_generator "fpga_interfaces"
Info: hps_io: "hps_0" instantiated altera_hps_io "hps_io"
Info: jtag_phy_embedded_in_jtag_master: "hps_only_master" instantiated altera_jtag_dc_streaming "jtag_phy_embedded_in_jtag_master"
Info: timing_adt: "hps_only_master" instantiated timing_adapter "timing_adt"
Info: fifo: "hps_only_master" instantiated altera_avalon_sc_fifo "fifo"
Info: b2p: "hps_only_master" instantiated altera_avalon_st_bytes_to_packets "b2p"
Info: p2b: "hps_only_master" instantiated altera_avalon_st_packets_to_bytes "p2b"
Info: transacto: "hps_only_master" instantiated altera_avalon_packets_to_master "transacto"
Info: b2p_adapter: "hps_only_master" instantiated channel_adapter "b2p_adapter"
Info: p2b_adapter: "hps_only_master" instantiated channel_adapter "p2b_adapter"
Info: mm_bridge_0_s0_translator: "mm_interconnect_0" instantiated altera_merlin_slave_translator "mm_bridge_0_s0_translator"
Info: hps_0_h2f_lw_axi_master_agent: "mm_interconnect_0" instantiated altera_merlin_axi_master_ni "hps_0_h2f_lw_axi_master_agent"
Info: mm_bridge_0_s0_agent: "mm_interconnect_0" instantiated altera_merlin_slave_agent "mm_bridge_0_s0_agent"
Info: router: "mm_interconnect_0" instantiated altera_merlin_router "router"
Info: router_002: "mm_interconnect_0" instantiated altera_merlin_router "router_002"
Info: mm_bridge_0_s0_burst_adapter: "mm_interconnect_0" instantiated altera_merlin_burst_adapter "mm_bridge_0_s0_burst_adapter"
Info: Reusing file D:/GitHub/3d_printer/hps+fpga_marlin/soc_system/synthesis/submodules/altera_merlin_address_alignment.sv
Info: Reusing file D:/GitHub/3d_printer/hps+fpga_marlin/soc_system/synthesis/submodules/altera_avalon_st_pipeline_stage.sv
Info: Reusing file D:/GitHub/3d_printer/hps+fpga_marlin/soc_system/synthesis/submodules/altera_avalon_st_pipeline_base.v
Info: cmd_demux: "mm_interconnect_0" instantiated altera_merlin_demultiplexer "cmd_demux"
Info: cmd_mux: "mm_interconnect_0" instantiated altera_merlin_multiplexer "cmd_mux"
Info: rsp_demux: "mm_interconnect_0" instantiated altera_merlin_demultiplexer "rsp_demux"
Info: rsp_mux: "mm_interconnect_0" instantiated altera_merlin_multiplexer "rsp_mux"
Info: Reusing file D:/GitHub/3d_printer/hps+fpga_marlin/soc_system/synthesis/submodules/altera_merlin_arbitrator.sv
Info: avalon_st_adapter: "mm_interconnect_0" instantiated altera_avalon_st_adapter "avalon_st_adapter"
Info: mm_bridge_0_m0_translator: "mm_interconnect_1" instantiated altera_merlin_master_translator "mm_bridge_0_m0_translator"
Info: mm_bridge_0_m0_agent: "mm_interconnect_1" instantiated altera_merlin_master_agent "mm_bridge_0_m0_agent"
Info: router: "mm_interconnect_1" instantiated altera_merlin_router "router"
Info: router_001: "mm_interconnect_1" instantiated altera_merlin_router "router_001"
Info: mm_bridge_0_m0_limiter: "mm_interconnect_1" instantiated altera_merlin_traffic_limiter "mm_bridge_0_m0_limiter"
Info: Reusing file D:/GitHub/3d_printer/hps+fpga_marlin/soc_system/synthesis/submodules/altera_avalon_sc_fifo.v
Info: Reusing file D:/GitHub/3d_printer/hps+fpga_marlin/soc_system/synthesis/submodules/altera_avalon_st_pipeline_base.v
Info: cmd_demux: "mm_interconnect_1" instantiated altera_merlin_demultiplexer "cmd_demux"
Info: cmd_mux: "mm_interconnect_1" instantiated altera_merlin_multiplexer "cmd_mux"
Info: Reusing file D:/GitHub/3d_printer/hps+fpga_marlin/soc_system/synthesis/submodules/altera_merlin_arbitrator.sv
Info: rsp_demux: "mm_interconnect_1" instantiated altera_merlin_demultiplexer "rsp_demux"
Info: rsp_mux: "mm_interconnect_1" instantiated altera_merlin_multiplexer "rsp_mux"
Info: Reusing file D:/GitHub/3d_printer/hps+fpga_marlin/soc_system/synthesis/submodules/altera_merlin_arbitrator.sv
Info: hps_0_f2h_axi_slave_agent: "mm_interconnect_2" instantiated altera_merlin_axi_slave_ni "hps_0_f2h_axi_slave_agent"
Info: Reusing file D:/GitHub/3d_printer/hps+fpga_marlin/soc_system/synthesis/submodules/altera_merlin_burst_uncompressor.sv
Info: Reusing file D:/GitHub/3d_printer/hps+fpga_marlin/soc_system/synthesis/submodules/altera_avalon_sc_fifo.v
Info: Reusing file D:/GitHub/3d_printer/hps+fpga_marlin/soc_system/synthesis/submodules/altera_merlin_address_alignment.sv
Info: router: "mm_interconnect_2" instantiated altera_merlin_router "router"
Info: router_001: "mm_interconnect_2" instantiated altera_merlin_router "router_001"
Info: cmd_demux: "mm_interconnect_2" instantiated altera_merlin_demultiplexer "cmd_demux"
Info: cmd_mux: "mm_interconnect_2" instantiated altera_merlin_multiplexer "cmd_mux"
Info: Reusing file D:/GitHub/3d_printer/hps+fpga_marlin/soc_system/synthesis/submodules/altera_merlin_arbitrator.sv
Info: rsp_demux: "mm_interconnect_2" instantiated altera_merlin_demultiplexer "rsp_demux"
Info: rsp_mux: "mm_interconnect_2" instantiated altera_merlin_multiplexer "rsp_mux"
Info: Reusing file D:/GitHub/3d_printer/hps+fpga_marlin/soc_system/synthesis/submodules/altera_merlin_arbitrator.sv
Info: hps_0_f2h_axi_slave_wr_cmd_width_adapter: "mm_interconnect_2" instantiated altera_merlin_width_adapter "hps_0_f2h_axi_slave_wr_cmd_width_adapter"
Info: Reusing file D:/GitHub/3d_printer/hps+fpga_marlin/soc_system/synthesis/submodules/altera_merlin_address_alignment.sv
Info: Reusing file D:/GitHub/3d_printer/hps+fpga_marlin/soc_system/synthesis/submodules/altera_merlin_burst_uncompressor.sv
Info: border: "hps_io" instantiated altera_interface_generator "border"
Info: error_adapter_0: "avalon_st_adapter" instantiated error_adapter "error_adapter_0"
Info: soc_system: Done "soc_system" with 50 modules, 115 files
Info: qsys-generate succeeded.
Info: Finished: Create HDL design files for synthesis
