Flow report for printer
Sun Jan 20 16:42:33 2019
Quartus Prime Version 18.1.0 Build 625 09/12/2018 SJ Lite Edition


---------------------
; Table of Contents ;
---------------------
  1. Legal Notice
  2. Flow Summary
  3. Flow Settings
  4. Flow Non-Default Global Settings
  5. Flow Elapsed Time
  6. Flow OS Summary
  7. Flow Log
  8. Flow Messages
  9. Flow Suppressed Messages



----------------
; Legal Notice ;
----------------
Copyright (C) 2018  Intel Corporation. All rights reserved.
Your use of Intel Corporation's design tools, logic functions 
and other software and tools, and its AMPP partner logic 
functions, and any output files from any of the foregoing 
(including device programming or simulation files), and any 
associated documentation or information are expressly subject 
to the terms and conditions of the Intel Program License 
Subscription Agreement, the Intel Quartus Prime License Agreement,
the Intel FPGA IP License Agreement, or other applicable license
agreement, including, without limitation, that your use is for
the sole purpose of programming logic devices manufactured by
Intel and sold by Intel or its authorized distributors.  Please
refer to the applicable agreement for further details.



+-------------------------------------------------------------------------------+
; Flow Summary                                                                  ;
+---------------------------------+---------------------------------------------+
; Flow Status                     ; Successful - Sun Jan 20 16:42:33 2019       ;
; Quartus Prime Version           ; 18.1.0 Build 625 09/12/2018 SJ Lite Edition ;
; Revision Name                   ; printer                                     ;
; Top-level Entity Name           ; printer                                     ;
; Family                          ; Cyclone V                                   ;
; Device                          ; 5CSEBA6U23I7                                ;
; Timing Models                   ; Final                                       ;
; Logic utilization (in ALMs)     ; 3,673 / 41,910 ( 9 % )                      ;
; Total registers                 ; 4977                                        ;
; Total pins                      ; 265 / 314 ( 84 % )                          ;
; Total virtual pins              ; 0                                           ;
; Total block memory bits         ; 2,816 / 5,662,720 ( < 1 % )                 ;
; Total DSP Blocks                ; 0 / 112 ( 0 % )                             ;
; Total HSSI RX PCSs              ; 0                                           ;
; Total HSSI PMA RX Deserializers ; 0                                           ;
; Total HSSI TX PCSs              ; 0                                           ;
; Total HSSI PMA TX Serializers   ; 0                                           ;
; Total PLLs                      ; 0 / 6 ( 0 % )                               ;
; Total DLLs                      ; 1 / 4 ( 25 % )                              ;
+---------------------------------+---------------------------------------------+


+-----------------------------------------+
; Flow Settings                           ;
+-------------------+---------------------+
; Option            ; Setting             ;
+-------------------+---------------------+
; Start date & time ; 01/20/2019 15:22:03 ;
; Main task         ; Compilation         ;
; Revision Name     ; printer             ;
+-------------------+---------------------+


+---------------------------------------------------------------------------------------------------------------------------+
; Flow Non-Default Global Settings                                                                                          ;
+---------------------------------------+----------------------------------------+---------------+-------------+------------+
; Assignment Name                       ; Value                                  ; Default Value ; Entity Name ; Section Id ;
+---------------------------------------+----------------------------------------+---------------+-------------+------------+
; COMPILER_SIGNATURE_ID                 ; 53447161791564.154798691318836         ; --            ; --          ; --         ;
; ECO_REGENERATE_REPORT                 ; On                                     ; Off           ; --          ; --         ;
; MAX_CORE_JUNCTION_TEMP                ; 100                                    ; --            ; --          ; --         ;
; MIN_CORE_JUNCTION_TEMP                ; -40                                    ; --            ; --          ; --         ;
; MISC_FILE                             ; hps_reset_bb.v                         ; --            ; --          ; --         ;
; PARTITION_COLOR                       ; -- (Not supported for targeted family) ; --            ; --          ; Top        ;
; PARTITION_FITTER_PRESERVATION_LEVEL   ; -- (Not supported for targeted family) ; --            ; --          ; Top        ;
; PARTITION_NETLIST_TYPE                ; -- (Not supported for targeted family) ; --            ; --          ; Top        ;
; POWER_BOARD_THERMAL_MODEL             ; None (CONSERVATIVE)                    ; --            ; --          ; --         ;
; POWER_PRESET_COOLING_SOLUTION         ; 23 MM HEAT SINK WITH 200 LFPM AIRFLOW  ; --            ; --          ; --         ;
; USE_DLL_FREQUENCY_FOR_DQS_DELAY_CHAIN ; On                                     ; Off           ; --          ; --         ;
+---------------------------------------+----------------------------------------+---------------+-------------+------------+


+--------------------------------------------------------------------------------------------------------------------------+
; Flow Elapsed Time                                                                                                        ;
+----------------------+--------------+-------------------------+---------------------+------------------------------------+
; Module Name          ; Elapsed Time ; Average Processors Used ; Peak Virtual Memory ; Total CPU Time (on all processors) ;
+----------------------+--------------+-------------------------+---------------------+------------------------------------+
; Analysis & Synthesis ; 00:07:39     ; 1.1                     ; 5372 MB             ; 00:13:20                           ;
; Fitter               ; 00:07:20     ; 1.3                     ; 7469 MB             ; 00:13:33                           ;
; Assembler            ; 00:00:46     ; 1.0                     ; 4948 MB             ; 00:00:31                           ;
; Timing Analyzer      ; 00:02:47     ; 1.4                     ; 6061 MB             ; 00:03:40                           ;
; EDA Netlist Writer   ; 00:00:06     ; 1.0                     ; 4818 MB             ; 00:00:07                           ;
; EDA Netlist Writer   ; 00:00:06     ; 1.0                     ; 4819 MB             ; 00:00:07                           ;
; EDA Netlist Writer   ; 00:00:07     ; 1.0                     ; 4822 MB             ; 00:00:07                           ;
; EDA Netlist Writer   ; 00:00:12     ; 1.0                     ; 4844 MB             ; 00:00:11                           ;
; EDA Netlist Writer   ; 00:00:07     ; 1.0                     ; 4819 MB             ; 00:00:07                           ;
; EDA Netlist Writer   ; 00:00:12     ; 1.0                     ; 4844 MB             ; 00:00:11                           ;
; EDA Netlist Writer   ; 00:00:06     ; 1.0                     ; 4820 MB             ; 00:00:07                           ;
; EDA Netlist Writer   ; 00:00:12     ; 1.0                     ; 4841 MB             ; 00:00:12                           ;
; Total                ; 00:19:40     ; --                      ; --                  ; 00:32:13                           ;
+----------------------+--------------+-------------------------+---------------------+------------------------------------+


+------------------------------------------------------------------------------------+
; Flow OS Summary                                                                    ;
+----------------------+------------------+------------+------------+----------------+
; Module Name          ; Machine Hostname ; OS Name    ; OS Version ; Processor type ;
+----------------------+------------------+------------+------------+----------------+
; Analysis & Synthesis ; MSI              ; Windows 10 ; 10.0       ; x86_64         ;
; Fitter               ; MSI              ; Windows 10 ; 10.0       ; x86_64         ;
; Assembler            ; MSI              ; Windows 10 ; 10.0       ; x86_64         ;
; Timing Analyzer      ; MSI              ; Windows 10 ; 10.0       ; x86_64         ;
; EDA Netlist Writer   ; MSI              ; Windows 10 ; 10.0       ; x86_64         ;
; EDA Netlist Writer   ; MSI              ; Windows 10 ; 10.0       ; x86_64         ;
; EDA Netlist Writer   ; MSI              ; Windows 10 ; 10.0       ; x86_64         ;
; EDA Netlist Writer   ; MSI              ; Windows 10 ; 10.0       ; x86_64         ;
; EDA Netlist Writer   ; MSI              ; Windows 10 ; 10.0       ; x86_64         ;
; EDA Netlist Writer   ; MSI              ; Windows 10 ; 10.0       ; x86_64         ;
; EDA Netlist Writer   ; MSI              ; Windows 10 ; 10.0       ; x86_64         ;
; EDA Netlist Writer   ; MSI              ; Windows 10 ; 10.0       ; x86_64         ;
+----------------------+------------------+------------+------------+----------------+


------------
; Flow Log ;
------------
quartus_map --read_settings_files=on --write_settings_files=off printer -c printer
quartus_fit --read_settings_files=off --write_settings_files=off printer -c printer
quartus_asm --read_settings_files=off --write_settings_files=off printer -c printer
quartus_sta printer -c printer
quartus_eda --gen_testbench --tool=modelsim_oem --format=verilog --write_settings_files=off printer -c printer --vector_source=D:/GitHub/3d_printer/hps+fpga_marlin/quartus/Waveform.vwf --testbench_file=D:/GitHub/3d_printer/hps+fpga_marlin/quartus/simulation/qsim/Waveform.vwf.vt
quartus_eda --gen_testbench --tool=modelsim_oem --format=verilog --write_settings_files=off printer -c printer --vector_source=D:/GitHub/3d_printer/hps+fpga_marlin/quartus/Waveform.vwf --testbench_file=D:/GitHub/3d_printer/hps+fpga_marlin/quartus/simulation/qsim/Waveform.vwf.vt
quartus_eda --gen_testbench --tool=modelsim_oem --format=vhdl --write_settings_files=off printer -c printer --vector_source=D:/GitHub/3d_printer/hps+fpga_marlin/quartus/printer.vwf --testbench_file=D:/GitHub/3d_printer/hps+fpga_marlin/quartus/simulation/qsim/printer.vwf.vht
quartus_eda --write_settings_files=off --simulation=on --functional=on --flatten_buses=off --tool=modelsim_oem --format=vhdl --output_directory=D:/GitHub/3d_printer/hps+fpga_marlin/quartus/simulation/qsim/ printer -c printer
quartus_eda --gen_testbench --tool=modelsim_oem --format=vhdl --write_settings_files=off printer -c printer --vector_source=D:/GitHub/3d_printer/hps+fpga_marlin/quartus/printer.vwf --testbench_file=D:/GitHub/3d_printer/hps+fpga_marlin/quartus/simulation/qsim/printer.vwf.vht
quartus_eda --write_settings_files=off --simulation=on --functional=on --flatten_buses=off --tool=modelsim_oem --format=vhdl --output_directory=D:/GitHub/3d_printer/hps+fpga_marlin/quartus/simulation/qsim/ printer -c printer
quartus_eda --gen_testbench --tool=modelsim_oem --format=verilog --write_settings_files=off printer -c printer --vector_source=D:/GitHub/3d_printer/hps+fpga_marlin/quartus/printer.vwf --testbench_file=D:/GitHub/3d_printer/hps+fpga_marlin/quartus/simulation/qsim/printer.vwf.vt
quartus_eda --write_settings_files=off --simulation=on --functional=on --flatten_buses=off --tool=modelsim_oem --format=verilog --output_directory=D:/GitHub/3d_printer/hps+fpga_marlin/quartus/simulation/qsim/ printer -c printer



